#
# A fatal error has been detected by the Java Runtime Environment:
#
#  EXCEPTION_ACCESS_VIOLATION (0xc0000005) at pc=0x00007ffbb254a7db, pid=3296, tid=15108
#
# JRE version: OpenJDK Runtime Environment (13.0.2+8) (build 13.0.2+8)
# Java VM: OpenJDK 64-Bit Server VM (13.0.2+8, mixed mode, sharing, tiered, compressed oops, g1 gc, windows-amd64)
# Problematic frame:
# V  [jvm.dll+0x5da7db]
#
# No core dump will be written. Minidumps are not enabled by default on client versions of Windows
#
# If you would like to submit a bug report, please visit:
#   http://bugreport.java.com/bugreport/crash.jsp
#

---------------  S U M M A R Y ------------

Command Line: -agentpath:C:/Program Files/NetBeans-11.2/netbeans/profiler/lib/deployed/jdk16/windows-amd64/profilerinterface.dll=C:\Program Files\NetBeans-11.2\netbeans\profiler\lib,5140,10 -XX:+HeapDumpOnOutOfMemoryError -XX:HeapDumpPath=C:\Users\David\OneDrive\Documents\NetBeansProjects\Annotator\nbproject\private\profiler com.github.fuchsdavid.annotator.Main -SPARQLendpoint http://192.168.6.2:5050/DBpedia -port 8080

Host: Intel(R) Core(TM) i7-4800MQ CPU @ 2.70GHz, 8 cores, 15G,  Windows 10 , 64 bit Build 18362 (10.0.18362.329)
Time: Mon Feb 10 14:56:28 2020 Central Europe Standard Time elapsed time: 1 seconds (0d 0h 0m 1s)

---------------  T H R E A D  ---------------

Current thread (0x000001d324fa9000):  JavaThread "*** Profiler Agent Communication Thread" daemon [_thread_in_vm, id=15108, stack(0x0000003a76200000,0x0000003a76300000)]

Stack: [0x0000003a76200000,0x0000003a76300000],  sp=0x0000003a762feb00,  free space=1018k
Native frames: (J=compiled Java code, j=interpreted, Vv=VM code, C=native code)
V  [jvm.dll+0x5da7db]
V  [jvm.dll+0x4a6f64]
C  [profilerinterface.dll+0x34da]

Java frames: (J=compiled Java code, j=interpreted, Vv=VM code)
j  org.netbeans.lib.profiler.server.system.Stacks.getMethodNamesForJMethodIds(I[I[I)[B+0
j  org.netbeans.lib.profiler.server.ProfilerInterface.getMethodNamesForJMethodIds([I)Lorg/netbeans/lib/profiler/wireprotocol/MethodNamesResponse;+20
j  org.netbeans.lib.profiler.server.ProfilerServer.handleClientCommand(Lorg/netbeans/lib/profiler/wireprotocol/Command;)V+691
j  org.netbeans.lib.profiler.server.ProfilerServer.listenToClient()V+48
j  org.netbeans.lib.profiler.server.ProfilerServer.run()V+22
v  ~StubRoutines::call_stub

siginfo: EXCEPTION_ACCESS_VIOLATION (0xc0000005), reading address 0x00000000257aaa50


Register to memory mapping:

RIP=0x00007ffbb254a7db jvm.dll
RAX=0x0000003a762feb01 is pointing into the stack for thread: 0x000001d324fa9000
RBX=0x000001d324fa9000 is a thread
RCX=0x00000000257aaa50 is an unknown value
RDX=0x000001d324fa9000 is a thread
RSP=0x0000003a762feb00 is pointing into the stack for thread: 0x000001d324fa9000
RBP=0x00000000257aaa50 is an unknown value
RSI=0x0000003a762fec20 is pointing into the stack for thread: 0x000001d324fa9000
RDI=0x000001d37ea45ba0 points into unknown readable memory: a0 58 97 b2 fb 7f 00 00
R8 =0x0000003a762fec20 is pointing into the stack for thread: 0x000001d324fa9000
R9 =0x0000000000000001 is an unknown value
R10=0x0 is NULL
R11=0x0000003a762feaf8 is pointing into the stack for thread: 0x000001d324fa9000
R12=0x000001d327a486f0 points into unknown readable memory: 50 aa 7a 25 00 9c 7b 25
R13=0x000000000000011d is an unknown value
R14=0x00007ffbfce09c68 profilerinterface.dll
R15=0x00007ffbfce09a60 profilerinterface.dll


Registers:
RAX=0x0000003a762feb01, RBX=0x000001d324fa9000, RCX=0x00000000257aaa50, RDX=0x000001d324fa9000
RSP=0x0000003a762feb00, RBP=0x00000000257aaa50, RSI=0x0000003a762fec20, RDI=0x000001d37ea45ba0
R8 =0x0000003a762fec20, R9 =0x0000000000000001, R10=0x0000000000000000, R11=0x0000003a762feaf8
R12=0x000001d327a486f0, R13=0x000000000000011d, R14=0x00007ffbfce09c68, R15=0x00007ffbfce09a60
RIP=0x00007ffbb254a7db, EFLAGS=0x0000000000010206

Top of Stack: (sp=0x0000003a762feb00)
0x0000003a762feb00:   000000000000011d 0000000000000000
0x0000003a762feb10:   0000000711026330 00007ffbb23359ac
0x0000003a762feb20:   000001d324fa9000 00007ffbb2416f64
0x0000003a762feb30:   000000000000011d 000001d324fa9000
0x0000003a762feb40:   000001d324fa9310 00007ffc02039da0
0x0000003a762feb50:   000001d324fa9000 0000000000000000
0x0000003a762feb60:   000001d300000000 0000000000000000
0x0000003a762feb70:   00000000257aaa50 00007ffbfce034da
0x0000003a762feb80:   0000000000000000 000001d324fa9310
0x0000003a762feb90:   000001d327e38f18 0000003a762fecd0
0x0000003a762feba0:   000001d327a486f0 00007ffbb22e9177
0x0000003a762febb0:   0000003a762febd0 000001d324f8e530
0x0000003a762febc0:   00000000001532bb 000001d30989ff51
0x0000003a762febd0:   000001d32491a868 000001d324fa9000
0x0000003a762febe0:   000001d324fa9000 000001d32491a868
0x0000003a762febf0:   0000000000000000 00000000000001a0 

Instructions: (pc=0x00007ffbb254a7db)
0x00007ffbb254a6db:   c6 05 01 d5 47 00 01 eb 61 48 8b 54 24 20 45 33
0x00007ffbb254a6eb:   c0 48 8b 05 95 4e 43 00 48 83 c2 18 48 8b ce ff
0x00007ffbb254a6fb:   d0 48 85 c0 74 20 48 8b 44 24 20 48 8b d6 48 8b
0x00007ffbb254a70b:   48 08 48 8b 41 08 48 8b 48 18 48 8b 89 98 00 00
0x00007ffbb254a71b:   00 e8 1f f8 ff ff 38 1d 26 fc 49 00 74 13 48 8b
0x00007ffbb254a72b:   4c 24 20 48 8b d7 e8 8a 2b 00 00 48 39 5f 08 75
0x00007ffbb254a73b:   09 48 8b 44 24 20 48 8b 58 18 48 8d 4c 24 20 e8
0x00007ffbb254a74b:   51 99 d6 ff 48 8b 74 24 48 48 8b c3 48 8b 5c 24
0x00007ffbb254a75b:   40 48 83 c4 30 5f c3 cc cc cc cc cc cc cc cc cc
0x00007ffbb254a76b:   cc cc cc cc cc 48 8b 51 08 4c 8b c1 48 8b 42 08
0x00007ffbb254a77b:   0f b6 52 24 c0 ea 06 48 8b 48 18 8b 81 a4 00 00
0x00007ffbb254a78b:   00 f6 c2 01 75 27 48 85 c9 74 14 8b c8 c1 e9 09
0x00007ffbb254a79b:   f6 c1 01 74 0a 41 f7 40 20 02 04 00 00 74 0e 41
0x00007ffbb254a7ab:   8b 48 20 0b c8 f6 c1 10 74 03 b0 01 c3 41 83 78
0x00007ffbb254a7bb:   24 fe 0f 94 c0 c3 cc cc cc cc cc cc cc cc cc cc
0x00007ffbb254a7cb:   cc cc cc cc cc 40 53 48 83 ec 20 48 85 c9 74 24
0x00007ffbb254a7db:   48 8b 19 48 85 db 74 1c 48 83 fb 37 74 16 48 8b
0x00007ffbb254a7eb:   13 48 8b cb ff 52 10 84 c0 74 09 48 8b c3 48 83
0x00007ffbb254a7fb:   c4 20 5b c3 33 c0 48 83 c4 20 5b c3 cc cc cc cc
0x00007ffbb254a80b:   cc cc cc cc cc 40 53 55 41 56 41 57 48 83 ec 28
0x00007ffbb254a81b:   48 8b 41 08 33 ed 4c 8b f1 48 8b 50 08 4c 8b 7a
0x00007ffbb254a82b:   18 49 8b 9f 78 01 00 00 48 85 db 0f 84 d5 00 00
0x00007ffbb254a83b:   00 8b 15 52 af 4e 00 65 48 8b 04 25 58 00 00 00
0x00007ffbb254a84b:   48 89 74 24 50 4c 89 64 24 60 4c 89 6c 24 20 41
0x00007ffbb254a85b:   bd ff ff 00 00 4c 8d 24 d0 41 b8 08 00 00 00 48
0x00007ffbb254a86b:   89 7c 24 58 90 49 8b 56 08 48 8b 73 10 0f b7 42
0x00007ffbb254a87b:   2a 66 39 43 08 75 6c 0f b7 42 2c 66 39 43 0a 75
0x00007ffbb254a88b:   62 48 63 4b 04 0f b6 03 88 44 11 38 49 8b 04 24
0x00007ffbb254a89b:   41 8b c8 48 8b 3c 01 49 8b ce 48 8b d7 e8 f3 4d
0x00007ffbb254a8ab:   bd ff 48 83 7f 08 00 75 0a 48 85 c0 74 05 66 44
0x00007ffbb254a8bb:   01 68 16 48 85 ed 74 14 48 8b cb 48 89 75 10 e8
0x00007ffbb254a8cb:   81 e3 ad ff 41 b8 08 00 00 00 eb 1a 48 8b cb 49 


Stack slot to memory mapping:
stack at sp + 0 slots: 0x000000000000011d is an unknown value
stack at sp + 1 slots: 0x0 is NULL
stack at sp + 2 slots: 0x0000000711026330 is an oop: [I 
{0x0000000711026330} - klass: {type array int}
 - length: 285
stack at sp + 3 slots: 0x00007ffbb23359ac jvm.dll
stack at sp + 4 slots: 0x000001d324fa9000 is a thread
stack at sp + 5 slots: 0x00007ffbb2416f64 jvm.dll
stack at sp + 6 slots: 0x000000000000011d is an unknown value
stack at sp + 7 slots: 0x000001d324fa9000 is a thread


---------------  P R O C E S S  ---------------

Threads class SMR info:
_java_thread_list=0x000001d3257d5bd0, length=16, elements={
0x000001d3245ce000, 0x000001d3245b8800, 0x000001d324e62000, 0x000001d324e65800,
0x000001d324e66800, 0x000001d324e69000, 0x000001d324e76000, 0x000001d324faf000,
0x000001d324fa9000, 0x000001d3255fd000, 0x000001d325600000, 0x000001d325810000,
0x000001d325a82800, 0x000001d326a42800, 0x000001d326ca3000, 0x000001d37ea53800
}

Java Threads: ( => current thread )
  0x000001d3245ce000 JavaThread "Reference Handler" daemon [_thread_blocked, id=816, stack(0x0000003a75a00000,0x0000003a75b00000)]
  0x000001d3245b8800 JavaThread "Finalizer" daemon [_thread_blocked, id=5812, stack(0x0000003a75b00000,0x0000003a75c00000)]
  0x000001d324e62000 JavaThread "Signal Dispatcher" daemon [_thread_blocked, id=15132, stack(0x0000003a75c00000,0x0000003a75d00000)]
  0x000001d324e65800 JavaThread "Attach Listener" daemon [_thread_blocked, id=8988, stack(0x0000003a75d00000,0x0000003a75e00000)]
  0x000001d324e66800 JavaThread "C2 CompilerThread0" daemon [_thread_blocked, id=1832, stack(0x0000003a75e00000,0x0000003a75f00000)]
  0x000001d324e69000 JavaThread "C1 CompilerThread0" daemon [_thread_blocked, id=2140, stack(0x0000003a75f00000,0x0000003a76000000)]
  0x000001d324e76000 JavaThread "Sweeper thread" daemon [_thread_blocked, id=15972, stack(0x0000003a76000000,0x0000003a76100000)]
  0x000001d324faf000 JavaThread "Common-Cleaner" daemon [_thread_blocked, id=5336, stack(0x0000003a76100000,0x0000003a76200000)]
=>0x000001d324fa9000 JavaThread "*** Profiler Agent Communication Thread" daemon [_thread_in_vm, id=15108, stack(0x0000003a76200000,0x0000003a76300000)]
  0x000001d3255fd000 JavaThread "*** JFluid Monitor thread ***" daemon [_thread_blocked, id=15152, stack(0x0000003a76300000,0x0000003a76400000)]
  0x000001d325600000 JavaThread "*** Profiler Agent Special Execution Thread 6" daemon [_thread_blocked, id=8744, stack(0x0000003a76400000,0x0000003a76500000)]
  0x000001d325810000 JavaThread "*** Profiler Agent Special Execution Thread 10" daemon [_thread_blocked, id=2568, stack(0x0000003a76600000,0x0000003a76700000)]
  0x000001d325a82800 JavaThread "Service Thread" daemon [_thread_blocked, id=5460, stack(0x0000003a76500000,0x0000003a76600000)]
  0x000001d326a42800 JavaThread "server-timer" daemon [_thread_blocked, id=11164, stack(0x0000003a76d00000,0x0000003a76e00000)]
  0x000001d326ca3000 JavaThread "HTTP-Dispatcher" [_thread_in_native, id=13760, stack(0x0000003a76e00000,0x0000003a76f00000)]
  0x000001d37ea53800 JavaThread "DestroyJavaVM" [_thread_blocked, id=5008, stack(0x0000003a75300000,0x0000003a75400000)]

Other Threads:
  0x000001d3245c9000 VMThread "VM Thread" [stack: 0x0000003a75900000,0x0000003a75a00000] [id=14652] _threads_hazard_ptr=0x000001d3257d5bd0
  0x000001d325811000 WatcherThread [stack: 0x0000003a76700000,0x0000003a76800000] [id=3384]
  0x000001d37eabe800 GCTaskThread "GC Thread#0" [stack: 0x0000003a75400000,0x0000003a75500000] [id=6304]
  0x000001d325901000 GCTaskThread "GC Thread#1" [stack: 0x0000003a76800000,0x0000003a76900000] [id=9372]
  0x000001d325901800 GCTaskThread "GC Thread#2" [stack: 0x0000003a76900000,0x0000003a76a00000] [id=10872]
  0x000001d326814800 GCTaskThread "GC Thread#3" [stack: 0x0000003a76a00000,0x0000003a76b00000] [id=6060]
  0x000001d326815000 GCTaskThread "GC Thread#4" [stack: 0x0000003a76b00000,0x0000003a76c00000] [id=15752]
  0x000001d32590e800 GCTaskThread "GC Thread#5" [stack: 0x0000003a76c00000,0x0000003a76d00000] [id=3568]
  0x000001d37eae1000 ConcurrentGCThread "G1 Main Marker" [stack: 0x0000003a75500000,0x0000003a75600000] [id=4336]
  0x000001d37eae4000 ConcurrentGCThread "G1 Conc#0" [stack: 0x0000003a75600000,0x0000003a75700000] [id=13696]
  0x000001d3244b4800 ConcurrentGCThread "G1 Refine#0" [stack: 0x0000003a75700000,0x0000003a75800000] [id=6088]
  0x000001d3244b6800 ConcurrentGCThread "G1 Young RemSet Sampling" [stack: 0x0000003a75800000,0x0000003a75900000] [id=14524]

Threads with active compile tasks:

VM state:synchronizing (normal execution)

VM Mutex/Monitor currently owned by a thread:  ([mutex/lock_event])
[0x000001d37ea51420] Threads_lock - owner thread: 0x000001d3245c9000

Heap address: 0x0000000701800000, size: 4072 MB, Compressed Oops mode: Zero based, Oop shift amount: 3
Narrow klass base: 0x0000000800000000, Narrow klass shift: 3
Compressed class space size: 1073741824 Address: 0x0000000800b40000

Heap:
 garbage-first heap   total 262144K, used 15183K [0x0000000701800000, 0x0000000800000000)
  region size 1024K, 11 young (11264K), 3 survivors (3072K)
 Metaspace       used 14010K, capacity 14401K, committed 14464K, reserved 1062912K
  class space    used 1743K, capacity 1888K, committed 1920K, reserved 1048576K
Heap Regions: E=young(eden), S=young(survivor), O=old, HS=humongous(starts), HC=humongous(continues), CS=collection set, F=free, A=archive, TAMS=top-at-mark-start (previous, next)
|   0|0x0000000701800000, 0x0000000701900000, 0x0000000701900000|100%|HS|  |TAMS 0x0000000701800000, 0x0000000701800000| Complete 
|   1|0x0000000701900000, 0x0000000701a00000, 0x0000000701a00000|100%|HC|  |TAMS 0x0000000701900000, 0x0000000701900000| Complete 
|   2|0x0000000701a00000, 0x0000000701b00000, 0x0000000701b00000|100%| O|  |TAMS 0x0000000701a00000, 0x0000000701a00000| Untracked 
|   3|0x0000000701b00000, 0x0000000701c00000, 0x0000000701c00000|100%| O|  |TAMS 0x0000000701b00000, 0x0000000701b00000| Untracked 
|   4|0x0000000701c00000, 0x0000000701cd3c00, 0x0000000701d00000| 82%| O|  |TAMS 0x0000000701c00000, 0x0000000701c00000| Untracked 
|   5|0x0000000701d00000, 0x0000000701d00000, 0x0000000701e00000|  0%| F|  |TAMS 0x0000000701d00000, 0x0000000701d00000| Untracked 
|   6|0x0000000701e00000, 0x0000000701e00000, 0x0000000701f00000|  0%| F|  |TAMS 0x0000000701e00000, 0x0000000701e00000| Untracked 
|   7|0x0000000701f00000, 0x0000000701f00000, 0x0000000702000000|  0%| F|  |TAMS 0x0000000701f00000, 0x0000000701f00000| Untracked 
|   8|0x0000000702000000, 0x0000000702000000, 0x0000000702100000|  0%| F|  |TAMS 0x0000000702000000, 0x0000000702000000| Untracked 
|   9|0x0000000702100000, 0x0000000702100000, 0x0000000702200000|  0%| F|  |TAMS 0x0000000702100000, 0x0000000702100000| Untracked 
|  10|0x0000000702200000, 0x0000000702200000, 0x0000000702300000|  0%| F|  |TAMS 0x0000000702200000, 0x0000000702200000| Untracked 
|  11|0x0000000702300000, 0x0000000702300000, 0x0000000702400000|  0%| F|  |TAMS 0x0000000702300000, 0x0000000702300000| Untracked 
|  12|0x0000000702400000, 0x0000000702400000, 0x0000000702500000|  0%| F|  |TAMS 0x0000000702400000, 0x0000000702400000| Untracked 
|  13|0x0000000702500000, 0x0000000702500000, 0x0000000702600000|  0%| F|  |TAMS 0x0000000702500000, 0x0000000702500000| Untracked 
|  14|0x0000000702600000, 0x0000000702600000, 0x0000000702700000|  0%| F|  |TAMS 0x0000000702600000, 0x0000000702600000| Untracked 
|  15|0x0000000702700000, 0x0000000702700000, 0x0000000702800000|  0%| F|  |TAMS 0x0000000702700000, 0x0000000702700000| Untracked 
|  16|0x0000000702800000, 0x0000000702800000, 0x0000000702900000|  0%| F|  |TAMS 0x0000000702800000, 0x0000000702800000| Untracked 
|  17|0x0000000702900000, 0x0000000702900000, 0x0000000702a00000|  0%| F|  |TAMS 0x0000000702900000, 0x0000000702900000| Untracked 
|  18|0x0000000702a00000, 0x0000000702a00000, 0x0000000702b00000|  0%| F|  |TAMS 0x0000000702a00000, 0x0000000702a00000| Untracked 
|  19|0x0000000702b00000, 0x0000000702b00000, 0x0000000702c00000|  0%| F|  |TAMS 0x0000000702b00000, 0x0000000702b00000| Untracked 
|  20|0x0000000702c00000, 0x0000000702c00000, 0x0000000702d00000|  0%| F|  |TAMS 0x0000000702c00000, 0x0000000702c00000| Untracked 
|  21|0x0000000702d00000, 0x0000000702d00000, 0x0000000702e00000|  0%| F|  |TAMS 0x0000000702d00000, 0x0000000702d00000| Untracked 
|  22|0x0000000702e00000, 0x0000000702e00000, 0x0000000702f00000|  0%| F|  |TAMS 0x0000000702e00000, 0x0000000702e00000| Untracked 
|  23|0x0000000702f00000, 0x0000000702f00000, 0x0000000703000000|  0%| F|  |TAMS 0x0000000702f00000, 0x0000000702f00000| Untracked 
|  24|0x0000000703000000, 0x0000000703000000, 0x0000000703100000|  0%| F|  |TAMS 0x0000000703000000, 0x0000000703000000| Untracked 
|  25|0x0000000703100000, 0x0000000703100000, 0x0000000703200000|  0%| F|  |TAMS 0x0000000703100000, 0x0000000703100000| Untracked 
|  26|0x0000000703200000, 0x0000000703200000, 0x0000000703300000|  0%| F|  |TAMS 0x0000000703200000, 0x0000000703200000| Untracked 
|  27|0x0000000703300000, 0x0000000703300000, 0x0000000703400000|  0%| F|  |TAMS 0x0000000703300000, 0x0000000703300000| Untracked 
|  28|0x0000000703400000, 0x0000000703400000, 0x0000000703500000|  0%| F|  |TAMS 0x0000000703400000, 0x0000000703400000| Untracked 
|  29|0x0000000703500000, 0x0000000703500000, 0x0000000703600000|  0%| F|  |TAMS 0x0000000703500000, 0x0000000703500000| Untracked 
|  30|0x0000000703600000, 0x0000000703600000, 0x0000000703700000|  0%| F|  |TAMS 0x0000000703600000, 0x0000000703600000| Untracked 
|  31|0x0000000703700000, 0x0000000703700000, 0x0000000703800000|  0%| F|  |TAMS 0x0000000703700000, 0x0000000703700000| Untracked 
|  32|0x0000000703800000, 0x0000000703800000, 0x0000000703900000|  0%| F|  |TAMS 0x0000000703800000, 0x0000000703800000| Untracked 
|  33|0x0000000703900000, 0x0000000703900000, 0x0000000703a00000|  0%| F|  |TAMS 0x0000000703900000, 0x0000000703900000| Untracked 
|  34|0x0000000703a00000, 0x0000000703a00000, 0x0000000703b00000|  0%| F|  |TAMS 0x0000000703a00000, 0x0000000703a00000| Untracked 
|  35|0x0000000703b00000, 0x0000000703b00000, 0x0000000703c00000|  0%| F|  |TAMS 0x0000000703b00000, 0x0000000703b00000| Untracked 
|  36|0x0000000703c00000, 0x0000000703c00000, 0x0000000703d00000|  0%| F|  |TAMS 0x0000000703c00000, 0x0000000703c00000| Untracked 
|  37|0x0000000703d00000, 0x0000000703d00000, 0x0000000703e00000|  0%| F|  |TAMS 0x0000000703d00000, 0x0000000703d00000| Untracked 
|  38|0x0000000703e00000, 0x0000000703e00000, 0x0000000703f00000|  0%| F|  |TAMS 0x0000000703e00000, 0x0000000703e00000| Untracked 
|  39|0x0000000703f00000, 0x0000000703f00000, 0x0000000704000000|  0%| F|  |TAMS 0x0000000703f00000, 0x0000000703f00000| Untracked 
|  40|0x0000000704000000, 0x0000000704000000, 0x0000000704100000|  0%| F|  |TAMS 0x0000000704000000, 0x0000000704000000| Untracked 
|  41|0x0000000704100000, 0x0000000704100000, 0x0000000704200000|  0%| F|  |TAMS 0x0000000704100000, 0x0000000704100000| Untracked 
|  42|0x0000000704200000, 0x0000000704200000, 0x0000000704300000|  0%| F|  |TAMS 0x0000000704200000, 0x0000000704200000| Untracked 
|  43|0x0000000704300000, 0x0000000704300000, 0x0000000704400000|  0%| F|  |TAMS 0x0000000704300000, 0x0000000704300000| Untracked 
|  44|0x0000000704400000, 0x0000000704400000, 0x0000000704500000|  0%| F|  |TAMS 0x0000000704400000, 0x0000000704400000| Untracked 
|  45|0x0000000704500000, 0x0000000704500000, 0x0000000704600000|  0%| F|  |TAMS 0x0000000704500000, 0x0000000704500000| Untracked 
|  46|0x0000000704600000, 0x0000000704600000, 0x0000000704700000|  0%| F|  |TAMS 0x0000000704600000, 0x0000000704600000| Untracked 
|  47|0x0000000704700000, 0x0000000704700000, 0x0000000704800000|  0%| F|  |TAMS 0x0000000704700000, 0x0000000704700000| Untracked 
|  48|0x0000000704800000, 0x0000000704800000, 0x0000000704900000|  0%| F|  |TAMS 0x0000000704800000, 0x0000000704800000| Untracked 
|  49|0x0000000704900000, 0x0000000704900000, 0x0000000704a00000|  0%| F|  |TAMS 0x0000000704900000, 0x0000000704900000| Untracked 
|  50|0x0000000704a00000, 0x0000000704a00000, 0x0000000704b00000|  0%| F|  |TAMS 0x0000000704a00000, 0x0000000704a00000| Untracked 
|  51|0x0000000704b00000, 0x0000000704b00000, 0x0000000704c00000|  0%| F|  |TAMS 0x0000000704b00000, 0x0000000704b00000| Untracked 
|  52|0x0000000704c00000, 0x0000000704c00000, 0x0000000704d00000|  0%| F|  |TAMS 0x0000000704c00000, 0x0000000704c00000| Untracked 
|  53|0x0000000704d00000, 0x0000000704d00000, 0x0000000704e00000|  0%| F|  |TAMS 0x0000000704d00000, 0x0000000704d00000| Untracked 
|  54|0x0000000704e00000, 0x0000000704e00000, 0x0000000704f00000|  0%| F|  |TAMS 0x0000000704e00000, 0x0000000704e00000| Untracked 
|  55|0x0000000704f00000, 0x0000000704f00000, 0x0000000705000000|  0%| F|  |TAMS 0x0000000704f00000, 0x0000000704f00000| Untracked 
|  56|0x0000000705000000, 0x0000000705000000, 0x0000000705100000|  0%| F|  |TAMS 0x0000000705000000, 0x0000000705000000| Untracked 
|  57|0x0000000705100000, 0x0000000705100000, 0x0000000705200000|  0%| F|  |TAMS 0x0000000705100000, 0x0000000705100000| Untracked 
|  58|0x0000000705200000, 0x0000000705200000, 0x0000000705300000|  0%| F|  |TAMS 0x0000000705200000, 0x0000000705200000| Untracked 
|  59|0x0000000705300000, 0x0000000705300000, 0x0000000705400000|  0%| F|  |TAMS 0x0000000705300000, 0x0000000705300000| Untracked 
|  60|0x0000000705400000, 0x0000000705400000, 0x0000000705500000|  0%| F|  |TAMS 0x0000000705400000, 0x0000000705400000| Untracked 
|  61|0x0000000705500000, 0x0000000705500000, 0x0000000705600000|  0%| F|  |TAMS 0x0000000705500000, 0x0000000705500000| Untracked 
|  62|0x0000000705600000, 0x0000000705600000, 0x0000000705700000|  0%| F|  |TAMS 0x0000000705600000, 0x0000000705600000| Untracked 
|  63|0x0000000705700000, 0x0000000705700000, 0x0000000705800000|  0%| F|  |TAMS 0x0000000705700000, 0x0000000705700000| Untracked 
|  64|0x0000000705800000, 0x0000000705800000, 0x0000000705900000|  0%| F|  |TAMS 0x0000000705800000, 0x0000000705800000| Untracked 
|  65|0x0000000705900000, 0x0000000705900000, 0x0000000705a00000|  0%| F|  |TAMS 0x0000000705900000, 0x0000000705900000| Untracked 
|  66|0x0000000705a00000, 0x0000000705a00000, 0x0000000705b00000|  0%| F|  |TAMS 0x0000000705a00000, 0x0000000705a00000| Untracked 
|  67|0x0000000705b00000, 0x0000000705b00000, 0x0000000705c00000|  0%| F|  |TAMS 0x0000000705b00000, 0x0000000705b00000| Untracked 
|  68|0x0000000705c00000, 0x0000000705c00000, 0x0000000705d00000|  0%| F|  |TAMS 0x0000000705c00000, 0x0000000705c00000| Untracked 
|  69|0x0000000705d00000, 0x0000000705d00000, 0x0000000705e00000|  0%| F|  |TAMS 0x0000000705d00000, 0x0000000705d00000| Untracked 
|  70|0x0000000705e00000, 0x0000000705e00000, 0x0000000705f00000|  0%| F|  |TAMS 0x0000000705e00000, 0x0000000705e00000| Untracked 
|  71|0x0000000705f00000, 0x0000000705f00000, 0x0000000706000000|  0%| F|  |TAMS 0x0000000705f00000, 0x0000000705f00000| Untracked 
|  72|0x0000000706000000, 0x0000000706000000, 0x0000000706100000|  0%| F|  |TAMS 0x0000000706000000, 0x0000000706000000| Untracked 
|  73|0x0000000706100000, 0x0000000706100000, 0x0000000706200000|  0%| F|  |TAMS 0x0000000706100000, 0x0000000706100000| Untracked 
|  74|0x0000000706200000, 0x0000000706200000, 0x0000000706300000|  0%| F|  |TAMS 0x0000000706200000, 0x0000000706200000| Untracked 
|  75|0x0000000706300000, 0x0000000706300000, 0x0000000706400000|  0%| F|  |TAMS 0x0000000706300000, 0x0000000706300000| Untracked 
|  76|0x0000000706400000, 0x0000000706400000, 0x0000000706500000|  0%| F|  |TAMS 0x0000000706400000, 0x0000000706400000| Untracked 
|  77|0x0000000706500000, 0x0000000706500000, 0x0000000706600000|  0%| F|  |TAMS 0x0000000706500000, 0x0000000706500000| Untracked 
|  78|0x0000000706600000, 0x0000000706600000, 0x0000000706700000|  0%| F|  |TAMS 0x0000000706600000, 0x0000000706600000| Untracked 
|  79|0x0000000706700000, 0x0000000706700000, 0x0000000706800000|  0%| F|  |TAMS 0x0000000706700000, 0x0000000706700000| Untracked 
|  80|0x0000000706800000, 0x0000000706800000, 0x0000000706900000|  0%| F|  |TAMS 0x0000000706800000, 0x0000000706800000| Untracked 
|  81|0x0000000706900000, 0x0000000706900000, 0x0000000706a00000|  0%| F|  |TAMS 0x0000000706900000, 0x0000000706900000| Untracked 
|  82|0x0000000706a00000, 0x0000000706a00000, 0x0000000706b00000|  0%| F|  |TAMS 0x0000000706a00000, 0x0000000706a00000| Untracked 
|  83|0x0000000706b00000, 0x0000000706b00000, 0x0000000706c00000|  0%| F|  |TAMS 0x0000000706b00000, 0x0000000706b00000| Untracked 
|  84|0x0000000706c00000, 0x0000000706c00000, 0x0000000706d00000|  0%| F|  |TAMS 0x0000000706c00000, 0x0000000706c00000| Untracked 
|  85|0x0000000706d00000, 0x0000000706d00000, 0x0000000706e00000|  0%| F|  |TAMS 0x0000000706d00000, 0x0000000706d00000| Untracked 
|  86|0x0000000706e00000, 0x0000000706e00000, 0x0000000706f00000|  0%| F|  |TAMS 0x0000000706e00000, 0x0000000706e00000| Untracked 
|  87|0x0000000706f00000, 0x0000000706f00000, 0x0000000707000000|  0%| F|  |TAMS 0x0000000706f00000, 0x0000000706f00000| Untracked 
|  88|0x0000000707000000, 0x0000000707000000, 0x0000000707100000|  0%| F|  |TAMS 0x0000000707000000, 0x0000000707000000| Untracked 
|  89|0x0000000707100000, 0x0000000707100000, 0x0000000707200000|  0%| F|  |TAMS 0x0000000707100000, 0x0000000707100000| Untracked 
|  90|0x0000000707200000, 0x0000000707200000, 0x0000000707300000|  0%| F|  |TAMS 0x0000000707200000, 0x0000000707200000| Untracked 
|  91|0x0000000707300000, 0x0000000707300000, 0x0000000707400000|  0%| F|  |TAMS 0x0000000707300000, 0x0000000707300000| Untracked 
|  92|0x0000000707400000, 0x0000000707400000, 0x0000000707500000|  0%| F|  |TAMS 0x0000000707400000, 0x0000000707400000| Untracked 
|  93|0x0000000707500000, 0x0000000707500000, 0x0000000707600000|  0%| F|  |TAMS 0x0000000707500000, 0x0000000707500000| Untracked 
|  94|0x0000000707600000, 0x0000000707600000, 0x0000000707700000|  0%| F|  |TAMS 0x0000000707600000, 0x0000000707600000| Untracked 
|  95|0x0000000707700000, 0x0000000707700000, 0x0000000707800000|  0%| F|  |TAMS 0x0000000707700000, 0x0000000707700000| Untracked 
|  96|0x0000000707800000, 0x0000000707800000, 0x0000000707900000|  0%| F|  |TAMS 0x0000000707800000, 0x0000000707800000| Untracked 
|  97|0x0000000707900000, 0x0000000707900000, 0x0000000707a00000|  0%| F|  |TAMS 0x0000000707900000, 0x0000000707900000| Untracked 
|  98|0x0000000707a00000, 0x0000000707a00000, 0x0000000707b00000|  0%| F|  |TAMS 0x0000000707a00000, 0x0000000707a00000| Untracked 
|  99|0x0000000707b00000, 0x0000000707b00000, 0x0000000707c00000|  0%| F|  |TAMS 0x0000000707b00000, 0x0000000707b00000| Untracked 
| 100|0x0000000707c00000, 0x0000000707c00000, 0x0000000707d00000|  0%| F|  |TAMS 0x0000000707c00000, 0x0000000707c00000| Untracked 
| 101|0x0000000707d00000, 0x0000000707d00000, 0x0000000707e00000|  0%| F|  |TAMS 0x0000000707d00000, 0x0000000707d00000| Untracked 
| 102|0x0000000707e00000, 0x0000000707e00000, 0x0000000707f00000|  0%| F|  |TAMS 0x0000000707e00000, 0x0000000707e00000| Untracked 
| 103|0x0000000707f00000, 0x0000000707f00000, 0x0000000708000000|  0%| F|  |TAMS 0x0000000707f00000, 0x0000000707f00000| Untracked 
| 104|0x0000000708000000, 0x0000000708000000, 0x0000000708100000|  0%| F|  |TAMS 0x0000000708000000, 0x0000000708000000| Untracked 
| 105|0x0000000708100000, 0x0000000708100000, 0x0000000708200000|  0%| F|  |TAMS 0x0000000708100000, 0x0000000708100000| Untracked 
| 106|0x0000000708200000, 0x0000000708200000, 0x0000000708300000|  0%| F|  |TAMS 0x0000000708200000, 0x0000000708200000| Untracked 
| 107|0x0000000708300000, 0x0000000708300000, 0x0000000708400000|  0%| F|  |TAMS 0x0000000708300000, 0x0000000708300000| Untracked 
| 108|0x0000000708400000, 0x0000000708400000, 0x0000000708500000|  0%| F|  |TAMS 0x0000000708400000, 0x0000000708400000| Untracked 
| 109|0x0000000708500000, 0x0000000708500000, 0x0000000708600000|  0%| F|  |TAMS 0x0000000708500000, 0x0000000708500000| Untracked 
| 110|0x0000000708600000, 0x0000000708600000, 0x0000000708700000|  0%| F|  |TAMS 0x0000000708600000, 0x0000000708600000| Untracked 
| 111|0x0000000708700000, 0x0000000708700000, 0x0000000708800000|  0%| F|  |TAMS 0x0000000708700000, 0x0000000708700000| Untracked 
| 112|0x0000000708800000, 0x0000000708800000, 0x0000000708900000|  0%| F|  |TAMS 0x0000000708800000, 0x0000000708800000| Untracked 
| 113|0x0000000708900000, 0x0000000708900000, 0x0000000708a00000|  0%| F|  |TAMS 0x0000000708900000, 0x0000000708900000| Untracked 
| 114|0x0000000708a00000, 0x0000000708a00000, 0x0000000708b00000|  0%| F|  |TAMS 0x0000000708a00000, 0x0000000708a00000| Untracked 
| 115|0x0000000708b00000, 0x0000000708b00000, 0x0000000708c00000|  0%| F|  |TAMS 0x0000000708b00000, 0x0000000708b00000| Untracked 
| 116|0x0000000708c00000, 0x0000000708c00000, 0x0000000708d00000|  0%| F|  |TAMS 0x0000000708c00000, 0x0000000708c00000| Untracked 
| 117|0x0000000708d00000, 0x0000000708d00000, 0x0000000708e00000|  0%| F|  |TAMS 0x0000000708d00000, 0x0000000708d00000| Untracked 
| 118|0x0000000708e00000, 0x0000000708e00000, 0x0000000708f00000|  0%| F|  |TAMS 0x0000000708e00000, 0x0000000708e00000| Untracked 
| 119|0x0000000708f00000, 0x0000000708f00000, 0x0000000709000000|  0%| F|  |TAMS 0x0000000708f00000, 0x0000000708f00000| Untracked 
| 120|0x0000000709000000, 0x0000000709000000, 0x0000000709100000|  0%| F|  |TAMS 0x0000000709000000, 0x0000000709000000| Untracked 
| 121|0x0000000709100000, 0x0000000709100000, 0x0000000709200000|  0%| F|  |TAMS 0x0000000709100000, 0x0000000709100000| Untracked 
| 122|0x0000000709200000, 0x0000000709200000, 0x0000000709300000|  0%| F|  |TAMS 0x0000000709200000, 0x0000000709200000| Untracked 
| 123|0x0000000709300000, 0x0000000709300000, 0x0000000709400000|  0%| F|  |TAMS 0x0000000709300000, 0x0000000709300000| Untracked 
| 124|0x0000000709400000, 0x0000000709400000, 0x0000000709500000|  0%| F|  |TAMS 0x0000000709400000, 0x0000000709400000| Untracked 
| 125|0x0000000709500000, 0x0000000709500000, 0x0000000709600000|  0%| F|  |TAMS 0x0000000709500000, 0x0000000709500000| Untracked 
| 126|0x0000000709600000, 0x0000000709600000, 0x0000000709700000|  0%| F|  |TAMS 0x0000000709600000, 0x0000000709600000| Untracked 
| 127|0x0000000709700000, 0x0000000709700000, 0x0000000709800000|  0%| F|  |TAMS 0x0000000709700000, 0x0000000709700000| Untracked 
| 128|0x0000000709800000, 0x0000000709800000, 0x0000000709900000|  0%| F|  |TAMS 0x0000000709800000, 0x0000000709800000| Untracked 
| 129|0x0000000709900000, 0x0000000709900000, 0x0000000709a00000|  0%| F|  |TAMS 0x0000000709900000, 0x0000000709900000| Untracked 
| 130|0x0000000709a00000, 0x0000000709a00000, 0x0000000709b00000|  0%| F|  |TAMS 0x0000000709a00000, 0x0000000709a00000| Untracked 
| 131|0x0000000709b00000, 0x0000000709b00000, 0x0000000709c00000|  0%| F|  |TAMS 0x0000000709b00000, 0x0000000709b00000| Untracked 
| 132|0x0000000709c00000, 0x0000000709c00000, 0x0000000709d00000|  0%| F|  |TAMS 0x0000000709c00000, 0x0000000709c00000| Untracked 
| 133|0x0000000709d00000, 0x0000000709d00000, 0x0000000709e00000|  0%| F|  |TAMS 0x0000000709d00000, 0x0000000709d00000| Untracked 
| 134|0x0000000709e00000, 0x0000000709e00000, 0x0000000709f00000|  0%| F|  |TAMS 0x0000000709e00000, 0x0000000709e00000| Untracked 
| 135|0x0000000709f00000, 0x0000000709f00000, 0x000000070a000000|  0%| F|  |TAMS 0x0000000709f00000, 0x0000000709f00000| Untracked 
| 136|0x000000070a000000, 0x000000070a000000, 0x000000070a100000|  0%| F|  |TAMS 0x000000070a000000, 0x000000070a000000| Untracked 
| 137|0x000000070a100000, 0x000000070a100000, 0x000000070a200000|  0%| F|  |TAMS 0x000000070a100000, 0x000000070a100000| Untracked 
| 138|0x000000070a200000, 0x000000070a200000, 0x000000070a300000|  0%| F|  |TAMS 0x000000070a200000, 0x000000070a200000| Untracked 
| 139|0x000000070a300000, 0x000000070a300000, 0x000000070a400000|  0%| F|  |TAMS 0x000000070a300000, 0x000000070a300000| Untracked 
| 140|0x000000070a400000, 0x000000070a400000, 0x000000070a500000|  0%| F|  |TAMS 0x000000070a400000, 0x000000070a400000| Untracked 
| 141|0x000000070a500000, 0x000000070a500000, 0x000000070a600000|  0%| F|  |TAMS 0x000000070a500000, 0x000000070a500000| Untracked 
| 142|0x000000070a600000, 0x000000070a600000, 0x000000070a700000|  0%| F|  |TAMS 0x000000070a600000, 0x000000070a600000| Untracked 
| 143|0x000000070a700000, 0x000000070a700000, 0x000000070a800000|  0%| F|  |TAMS 0x000000070a700000, 0x000000070a700000| Untracked 
| 144|0x000000070a800000, 0x000000070a800000, 0x000000070a900000|  0%| F|  |TAMS 0x000000070a800000, 0x000000070a800000| Untracked 
| 145|0x000000070a900000, 0x000000070a900000, 0x000000070aa00000|  0%| F|  |TAMS 0x000000070a900000, 0x000000070a900000| Untracked 
| 146|0x000000070aa00000, 0x000000070aa00000, 0x000000070ab00000|  0%| F|  |TAMS 0x000000070aa00000, 0x000000070aa00000| Untracked 
| 147|0x000000070ab00000, 0x000000070ab00000, 0x000000070ac00000|  0%| F|  |TAMS 0x000000070ab00000, 0x000000070ab00000| Untracked 
| 148|0x000000070ac00000, 0x000000070ac00000, 0x000000070ad00000|  0%| F|  |TAMS 0x000000070ac00000, 0x000000070ac00000| Untracked 
| 149|0x000000070ad00000, 0x000000070ad00000, 0x000000070ae00000|  0%| F|  |TAMS 0x000000070ad00000, 0x000000070ad00000| Untracked 
| 150|0x000000070ae00000, 0x000000070ae00000, 0x000000070af00000|  0%| F|  |TAMS 0x000000070ae00000, 0x000000070ae00000| Untracked 
| 151|0x000000070af00000, 0x000000070af00000, 0x000000070b000000|  0%| F|  |TAMS 0x000000070af00000, 0x000000070af00000| Untracked 
| 152|0x000000070b000000, 0x000000070b000000, 0x000000070b100000|  0%| F|  |TAMS 0x000000070b000000, 0x000000070b000000| Untracked 
| 153|0x000000070b100000, 0x000000070b100000, 0x000000070b200000|  0%| F|  |TAMS 0x000000070b100000, 0x000000070b100000| Untracked 
| 154|0x000000070b200000, 0x000000070b200000, 0x000000070b300000|  0%| F|  |TAMS 0x000000070b200000, 0x000000070b200000| Untracked 
| 155|0x000000070b300000, 0x000000070b300000, 0x000000070b400000|  0%| F|  |TAMS 0x000000070b300000, 0x000000070b300000| Untracked 
| 156|0x000000070b400000, 0x000000070b400000, 0x000000070b500000|  0%| F|  |TAMS 0x000000070b400000, 0x000000070b400000| Untracked 
| 157|0x000000070b500000, 0x000000070b500000, 0x000000070b600000|  0%| F|  |TAMS 0x000000070b500000, 0x000000070b500000| Untracked 
| 158|0x000000070b600000, 0x000000070b600000, 0x000000070b700000|  0%| F|  |TAMS 0x000000070b600000, 0x000000070b600000| Untracked 
| 159|0x000000070b700000, 0x000000070b700000, 0x000000070b800000|  0%| F|  |TAMS 0x000000070b700000, 0x000000070b700000| Untracked 
| 160|0x000000070b800000, 0x000000070b800000, 0x000000070b900000|  0%| F|  |TAMS 0x000000070b800000, 0x000000070b800000| Untracked 
| 161|0x000000070b900000, 0x000000070b900000, 0x000000070ba00000|  0%| F|  |TAMS 0x000000070b900000, 0x000000070b900000| Untracked 
| 162|0x000000070ba00000, 0x000000070ba00000, 0x000000070bb00000|  0%| F|  |TAMS 0x000000070ba00000, 0x000000070ba00000| Untracked 
| 163|0x000000070bb00000, 0x000000070bb00000, 0x000000070bc00000|  0%| F|  |TAMS 0x000000070bb00000, 0x000000070bb00000| Untracked 
| 164|0x000000070bc00000, 0x000000070bc00000, 0x000000070bd00000|  0%| F|  |TAMS 0x000000070bc00000, 0x000000070bc00000| Untracked 
| 165|0x000000070bd00000, 0x000000070bd00000, 0x000000070be00000|  0%| F|  |TAMS 0x000000070bd00000, 0x000000070bd00000| Untracked 
| 166|0x000000070be00000, 0x000000070be00000, 0x000000070bf00000|  0%| F|  |TAMS 0x000000070be00000, 0x000000070be00000| Untracked 
| 167|0x000000070bf00000, 0x000000070bf00000, 0x000000070c000000|  0%| F|  |TAMS 0x000000070bf00000, 0x000000070bf00000| Untracked 
| 168|0x000000070c000000, 0x000000070c000000, 0x000000070c100000|  0%| F|  |TAMS 0x000000070c000000, 0x000000070c000000| Untracked 
| 169|0x000000070c100000, 0x000000070c100000, 0x000000070c200000|  0%| F|  |TAMS 0x000000070c100000, 0x000000070c100000| Untracked 
| 170|0x000000070c200000, 0x000000070c200000, 0x000000070c300000|  0%| F|  |TAMS 0x000000070c200000, 0x000000070c200000| Untracked 
| 171|0x000000070c300000, 0x000000070c300000, 0x000000070c400000|  0%| F|  |TAMS 0x000000070c300000, 0x000000070c300000| Untracked 
| 172|0x000000070c400000, 0x000000070c400000, 0x000000070c500000|  0%| F|  |TAMS 0x000000070c400000, 0x000000070c400000| Untracked 
| 173|0x000000070c500000, 0x000000070c500000, 0x000000070c600000|  0%| F|  |TAMS 0x000000070c500000, 0x000000070c500000| Untracked 
| 174|0x000000070c600000, 0x000000070c600000, 0x000000070c700000|  0%| F|  |TAMS 0x000000070c600000, 0x000000070c600000| Untracked 
| 175|0x000000070c700000, 0x000000070c700000, 0x000000070c800000|  0%| F|  |TAMS 0x000000070c700000, 0x000000070c700000| Untracked 
| 176|0x000000070c800000, 0x000000070c800000, 0x000000070c900000|  0%| F|  |TAMS 0x000000070c800000, 0x000000070c800000| Untracked 
| 177|0x000000070c900000, 0x000000070c900000, 0x000000070ca00000|  0%| F|  |TAMS 0x000000070c900000, 0x000000070c900000| Untracked 
| 178|0x000000070ca00000, 0x000000070ca00000, 0x000000070cb00000|  0%| F|  |TAMS 0x000000070ca00000, 0x000000070ca00000| Untracked 
| 179|0x000000070cb00000, 0x000000070cb00000, 0x000000070cc00000|  0%| F|  |TAMS 0x000000070cb00000, 0x000000070cb00000| Untracked 
| 180|0x000000070cc00000, 0x000000070cc00000, 0x000000070cd00000|  0%| F|  |TAMS 0x000000070cc00000, 0x000000070cc00000| Untracked 
| 181|0x000000070cd00000, 0x000000070cd00000, 0x000000070ce00000|  0%| F|  |TAMS 0x000000070cd00000, 0x000000070cd00000| Untracked 
| 182|0x000000070ce00000, 0x000000070ce00000, 0x000000070cf00000|  0%| F|  |TAMS 0x000000070ce00000, 0x000000070ce00000| Untracked 
| 183|0x000000070cf00000, 0x000000070cf00000, 0x000000070d000000|  0%| F|  |TAMS 0x000000070cf00000, 0x000000070cf00000| Untracked 
| 184|0x000000070d000000, 0x000000070d000000, 0x000000070d100000|  0%| F|  |TAMS 0x000000070d000000, 0x000000070d000000| Untracked 
| 185|0x000000070d100000, 0x000000070d100000, 0x000000070d200000|  0%| F|  |TAMS 0x000000070d100000, 0x000000070d100000| Untracked 
| 186|0x000000070d200000, 0x000000070d200000, 0x000000070d300000|  0%| F|  |TAMS 0x000000070d200000, 0x000000070d200000| Untracked 
| 187|0x000000070d300000, 0x000000070d300000, 0x000000070d400000|  0%| F|  |TAMS 0x000000070d300000, 0x000000070d300000| Untracked 
| 188|0x000000070d400000, 0x000000070d400000, 0x000000070d500000|  0%| F|  |TAMS 0x000000070d400000, 0x000000070d400000| Untracked 
| 189|0x000000070d500000, 0x000000070d500000, 0x000000070d600000|  0%| F|  |TAMS 0x000000070d500000, 0x000000070d500000| Untracked 
| 190|0x000000070d600000, 0x000000070d600000, 0x000000070d700000|  0%| F|  |TAMS 0x000000070d600000, 0x000000070d600000| Untracked 
| 191|0x000000070d700000, 0x000000070d700000, 0x000000070d800000|  0%| F|  |TAMS 0x000000070d700000, 0x000000070d700000| Untracked 
| 192|0x000000070d800000, 0x000000070d800000, 0x000000070d900000|  0%| F|  |TAMS 0x000000070d800000, 0x000000070d800000| Untracked 
| 193|0x000000070d900000, 0x000000070d900000, 0x000000070da00000|  0%| F|  |TAMS 0x000000070d900000, 0x000000070d900000| Untracked 
| 194|0x000000070da00000, 0x000000070da00000, 0x000000070db00000|  0%| F|  |TAMS 0x000000070da00000, 0x000000070da00000| Untracked 
| 195|0x000000070db00000, 0x000000070db00000, 0x000000070dc00000|  0%| F|  |TAMS 0x000000070db00000, 0x000000070db00000| Untracked 
| 196|0x000000070dc00000, 0x000000070dc00000, 0x000000070dd00000|  0%| F|  |TAMS 0x000000070dc00000, 0x000000070dc00000| Untracked 
| 197|0x000000070dd00000, 0x000000070dd00000, 0x000000070de00000|  0%| F|  |TAMS 0x000000070dd00000, 0x000000070dd00000| Untracked 
| 198|0x000000070de00000, 0x000000070de00000, 0x000000070df00000|  0%| F|  |TAMS 0x000000070de00000, 0x000000070de00000| Untracked 
| 199|0x000000070df00000, 0x000000070df00000, 0x000000070e000000|  0%| F|  |TAMS 0x000000070df00000, 0x000000070df00000| Untracked 
| 200|0x000000070e000000, 0x000000070e000000, 0x000000070e100000|  0%| F|  |TAMS 0x000000070e000000, 0x000000070e000000| Untracked 
| 201|0x000000070e100000, 0x000000070e100000, 0x000000070e200000|  0%| F|  |TAMS 0x000000070e100000, 0x000000070e100000| Untracked 
| 202|0x000000070e200000, 0x000000070e200000, 0x000000070e300000|  0%| F|  |TAMS 0x000000070e200000, 0x000000070e200000| Untracked 
| 203|0x000000070e300000, 0x000000070e300000, 0x000000070e400000|  0%| F|  |TAMS 0x000000070e300000, 0x000000070e300000| Untracked 
| 204|0x000000070e400000, 0x000000070e400000, 0x000000070e500000|  0%| F|  |TAMS 0x000000070e400000, 0x000000070e400000| Untracked 
| 205|0x000000070e500000, 0x000000070e500000, 0x000000070e600000|  0%| F|  |TAMS 0x000000070e500000, 0x000000070e500000| Untracked 
| 206|0x000000070e600000, 0x000000070e600000, 0x000000070e700000|  0%| F|  |TAMS 0x000000070e600000, 0x000000070e600000| Untracked 
| 207|0x000000070e700000, 0x000000070e700000, 0x000000070e800000|  0%| F|  |TAMS 0x000000070e700000, 0x000000070e700000| Untracked 
| 208|0x000000070e800000, 0x000000070e800000, 0x000000070e900000|  0%| F|  |TAMS 0x000000070e800000, 0x000000070e800000| Untracked 
| 209|0x000000070e900000, 0x000000070e900000, 0x000000070ea00000|  0%| F|  |TAMS 0x000000070e900000, 0x000000070e900000| Untracked 
| 210|0x000000070ea00000, 0x000000070ea00000, 0x000000070eb00000|  0%| F|  |TAMS 0x000000070ea00000, 0x000000070ea00000| Untracked 
| 211|0x000000070eb00000, 0x000000070eb00000, 0x000000070ec00000|  0%| F|  |TAMS 0x000000070eb00000, 0x000000070eb00000| Untracked 
| 212|0x000000070ec00000, 0x000000070ec00000, 0x000000070ed00000|  0%| F|  |TAMS 0x000000070ec00000, 0x000000070ec00000| Untracked 
| 213|0x000000070ed00000, 0x000000070ed00000, 0x000000070ee00000|  0%| F|  |TAMS 0x000000070ed00000, 0x000000070ed00000| Untracked 
| 214|0x000000070ee00000, 0x000000070ee00000, 0x000000070ef00000|  0%| F|  |TAMS 0x000000070ee00000, 0x000000070ee00000| Untracked 
| 215|0x000000070ef00000, 0x000000070ef00000, 0x000000070f000000|  0%| F|  |TAMS 0x000000070ef00000, 0x000000070ef00000| Untracked 
| 216|0x000000070f000000, 0x000000070f000000, 0x000000070f100000|  0%| F|  |TAMS 0x000000070f000000, 0x000000070f000000| Untracked 
| 217|0x000000070f100000, 0x000000070f100000, 0x000000070f200000|  0%| F|  |TAMS 0x000000070f100000, 0x000000070f100000| Untracked 
| 218|0x000000070f200000, 0x000000070f200000, 0x000000070f300000|  0%| F|  |TAMS 0x000000070f200000, 0x000000070f200000| Untracked 
| 219|0x000000070f300000, 0x000000070f300000, 0x000000070f400000|  0%| F|  |TAMS 0x000000070f300000, 0x000000070f300000| Untracked 
| 220|0x000000070f400000, 0x000000070f400000, 0x000000070f500000|  0%| F|  |TAMS 0x000000070f400000, 0x000000070f400000| Untracked 
| 221|0x000000070f500000, 0x000000070f500000, 0x000000070f600000|  0%| F|  |TAMS 0x000000070f500000, 0x000000070f500000| Untracked 
| 222|0x000000070f600000, 0x000000070f600000, 0x000000070f700000|  0%| F|  |TAMS 0x000000070f600000, 0x000000070f600000| Untracked 
| 223|0x000000070f700000, 0x000000070f700000, 0x000000070f800000|  0%| F|  |TAMS 0x000000070f700000, 0x000000070f700000| Untracked 
| 224|0x000000070f800000, 0x000000070f800000, 0x000000070f900000|  0%| F|  |TAMS 0x000000070f800000, 0x000000070f800000| Untracked 
| 225|0x000000070f900000, 0x000000070f900000, 0x000000070fa00000|  0%| F|  |TAMS 0x000000070f900000, 0x000000070f900000| Untracked 
| 226|0x000000070fa00000, 0x000000070fa00000, 0x000000070fb00000|  0%| F|  |TAMS 0x000000070fa00000, 0x000000070fa00000| Untracked 
| 227|0x000000070fb00000, 0x000000070fb00000, 0x000000070fc00000|  0%| F|  |TAMS 0x000000070fb00000, 0x000000070fb00000| Untracked 
| 228|0x000000070fc00000, 0x000000070fc00000, 0x000000070fd00000|  0%| F|  |TAMS 0x000000070fc00000, 0x000000070fc00000| Untracked 
| 229|0x000000070fd00000, 0x000000070fe00000, 0x000000070fe00000|100%| S|CS|TAMS 0x000000070fd00000, 0x000000070fd00000| Complete 
| 230|0x000000070fe00000, 0x000000070ff00000, 0x000000070ff00000|100%| S|CS|TAMS 0x000000070fe00000, 0x000000070fe00000| Complete 
| 231|0x000000070ff00000, 0x0000000710000000, 0x0000000710000000|100%| S|CS|TAMS 0x000000070ff00000, 0x000000070ff00000| Complete 
| 232|0x0000000710000000, 0x0000000710000000, 0x0000000710100000|  0%| F|  |TAMS 0x0000000710000000, 0x0000000710000000| Untracked 
| 233|0x0000000710100000, 0x0000000710100000, 0x0000000710200000|  0%| F|  |TAMS 0x0000000710100000, 0x0000000710100000| Untracked 
| 234|0x0000000710200000, 0x0000000710200000, 0x0000000710300000|  0%| F|  |TAMS 0x0000000710200000, 0x0000000710200000| Untracked 
| 235|0x0000000710300000, 0x0000000710300000, 0x0000000710400000|  0%| F|  |TAMS 0x0000000710300000, 0x0000000710300000| Untracked 
| 236|0x0000000710400000, 0x0000000710400000, 0x0000000710500000|  0%| F|  |TAMS 0x0000000710400000, 0x0000000710400000| Untracked 
| 237|0x0000000710500000, 0x0000000710500000, 0x0000000710600000|  0%| F|  |TAMS 0x0000000710500000, 0x0000000710500000| Untracked 
| 238|0x0000000710600000, 0x0000000710600000, 0x0000000710700000|  0%| F|  |TAMS 0x0000000710600000, 0x0000000710600000| Untracked 
| 239|0x0000000710700000, 0x0000000710700000, 0x0000000710800000|  0%| F|  |TAMS 0x0000000710700000, 0x0000000710700000| Untracked 
| 240|0x0000000710800000, 0x0000000710800000, 0x0000000710900000|  0%| F|  |TAMS 0x0000000710800000, 0x0000000710800000| Untracked 
| 241|0x0000000710900000, 0x0000000710900000, 0x0000000710a00000|  0%| F|  |TAMS 0x0000000710900000, 0x0000000710900000| Untracked 
| 242|0x0000000710a00000, 0x0000000710a00000, 0x0000000710b00000|  0%| F|  |TAMS 0x0000000710a00000, 0x0000000710a00000| Untracked 
| 243|0x0000000710b00000, 0x0000000710b00000, 0x0000000710c00000|  0%| F|  |TAMS 0x0000000710b00000, 0x0000000710b00000| Untracked 
| 244|0x0000000710c00000, 0x0000000710c00000, 0x0000000710d00000|  0%| F|  |TAMS 0x0000000710c00000, 0x0000000710c00000| Untracked 
| 245|0x0000000710d00000, 0x0000000710d00000, 0x0000000710e00000|  0%| F|  |TAMS 0x0000000710d00000, 0x0000000710d00000| Untracked 
| 246|0x0000000710e00000, 0x0000000710e00000, 0x0000000710f00000|  0%| F|  |TAMS 0x0000000710e00000, 0x0000000710e00000| Untracked 
| 247|0x0000000710f00000, 0x0000000710f00000, 0x0000000711000000|  0%| F|  |TAMS 0x0000000710f00000, 0x0000000710f00000| Untracked 
| 248|0x0000000711000000, 0x0000000711100000, 0x0000000711100000|100%| E|  |TAMS 0x0000000711000000, 0x0000000711000000| Complete 
| 249|0x0000000711100000, 0x0000000711200000, 0x0000000711200000|100%| E|CS|TAMS 0x0000000711100000, 0x0000000711100000| Complete 
| 250|0x0000000711200000, 0x0000000711300000, 0x0000000711300000|100%| E|CS|TAMS 0x0000000711200000, 0x0000000711200000| Complete 
| 251|0x0000000711300000, 0x0000000711400000, 0x0000000711400000|100%| E|CS|TAMS 0x0000000711300000, 0x0000000711300000| Complete 
| 252|0x0000000711400000, 0x0000000711500000, 0x0000000711500000|100%| E|CS|TAMS 0x0000000711400000, 0x0000000711400000| Complete 
| 253|0x0000000711500000, 0x0000000711600000, 0x0000000711600000|100%| E|CS|TAMS 0x0000000711500000, 0x0000000711500000| Complete 
| 254|0x0000000711600000, 0x0000000711700000, 0x0000000711700000|100%| E|CS|TAMS 0x0000000711600000, 0x0000000711600000| Complete 
| 255|0x0000000711700000, 0x0000000711800000, 0x0000000711800000|100%| E|CS|TAMS 0x0000000711700000, 0x0000000711700000| Complete 

Card table byte_map: [0x000001d319040000,0x000001d319840000] _byte_map_base: 0x000001d315834000

Marking Bits (Prev, Next): (CMBitMap*) 0x000001d37eabf738, (CMBitMap*) 0x000001d37eabf778
 Prev Bits: [0x000001d31a040000, 0x000001d31dfe0000)
 Next Bits: [0x000001d31dfe0000, 0x000001d321f80000)

Polling page: 0x000001d37eb20000

Metaspace:

Usage:
  Non-class:     12.22 MB capacity,    11.98 MB ( 98%) used,   218.01 KB (  2%) free+waste,    28.31 KB ( <1%) overhead. 
      Class:      1.84 MB capacity,     1.70 MB ( 92%) used,   128.84 KB (  7%) free+waste,    15.69 KB ( <1%) overhead. 
       Both:     14.06 MB capacity,    13.68 MB ( 97%) used,   346.85 KB (  2%) free+waste,    44.00 KB ( <1%) overhead. 

Virtual space:
  Non-class space:       14.00 MB reserved,      12.25 MB ( 88%) committed 
      Class space:        1.00 GB reserved,       1.88 MB ( <1%) committed 
             Both:        1.01 GB reserved,      14.13 MB (  1%) committed 

Chunk freelists:
   Non-Class:  31.00 KB
       Class:  0 bytes
        Both:  31.00 KB

MaxMetaspaceSize: 17179869184.00 GB
CompressedClassSpaceSize: 1.00 GB

CodeHeap 'non-profiled nmethods': size=120000Kb used=439Kb max_used=439Kb free=119560Kb
 bounds [0x000001d311310000, 0x000001d311580000, 0x000001d318840000]
CodeHeap 'profiled nmethods': size=120000Kb used=2579Kb max_used=2579Kb free=117420Kb
 bounds [0x000001d309de0000, 0x000001d30a070000, 0x000001d311310000]
CodeHeap 'non-nmethods': size=5760Kb used=1239Kb max_used=1253Kb free=4520Kb
 bounds [0x000001d309840000, 0x000001d309ab0000, 0x000001d309de0000]
 total_blobs=2405 nmethods=1336 adapters=420
 compilation: enabled
              stopped_count=0, restarted_count=0
 full_count=0

Compilation events (20 events):
Event: 1.791 Thread 0x000001d324e69000 1328       3       java.lang.invoke.MemberName::isCallerSensitive (8 bytes)
Event: 1.792 Thread 0x000001d324e69000 nmethod 1328 0x000001d30a05c110 code [0x000001d30a05c2c0, 0x000001d30a05c578]
Event: 1.792 Thread 0x000001d324e69000 1319       3       java.lang.invoke.TypeConvertingMethodAdapter::convertType (299 bytes)
Event: 1.794 Thread 0x000001d324e69000 nmethod 1319 0x000001d30a05c690 code [0x000001d30a05cfe0, 0x000001d30a062130]
Event: 1.794 Thread 0x000001d324e69000 1333       1       java.lang.AbstractStringBuilder::length (5 bytes)
Event: 1.794 Thread 0x000001d324e69000 nmethod 1333 0x000001d31137cd90 code [0x000001d31137cf20, 0x000001d31137d058]
Event: 1.794 Thread 0x000001d324e69000 1329       1       java.lang.reflect.Constructor::getConstructorAccessor (5 bytes)
Event: 1.794 Thread 0x000001d324e69000 nmethod 1329 0x000001d31137d110 code [0x000001d31137d2a0, 0x000001d31137d3d8]
Event: 1.794 Thread 0x000001d324e69000 1330       1       jdk.internal.reflect.DelegatingConstructorAccessorImpl::setDelegate (6 bytes)
Event: 1.794 Thread 0x000001d324e69000 nmethod 1330 0x000001d31137d490 code [0x000001d31137d620, 0x000001d31137d7b8]
Event: 1.794 Thread 0x000001d324e69000 1331       1       jdk.internal.reflect.NativeConstructorAccessorImpl::setParent (6 bytes)
Event: 1.794 Thread 0x000001d324e69000 nmethod 1331 0x000001d31137d810 code [0x000001d31137d9a0, 0x000001d31137db38]
Event: 1.794 Thread 0x000001d324e69000 1332       1       java.time.zone.ZoneOffsetTransition::getOffsetBefore (5 bytes)
Event: 1.794 Thread 0x000001d324e69000 nmethod 1332 0x000001d31137db90 code [0x000001d31137dd20, 0x000001d31137de58]
Event: 1.898 Thread 0x000001d324e69000 1334       3       java.util.Arrays::equals (43 bytes)
Event: 1.898 Thread 0x000001d324e69000 nmethod 1334 0x000001d30a063e90 code [0x000001d30a064060, 0x000001d30a064370]
Event: 1.923 Thread 0x000001d324e69000 1335       3       java.io.Bits::getInt (43 bytes)
Event: 1.924 Thread 0x000001d324e69000 nmethod 1335 0x000001d30a064490 code [0x000001d30a064640, 0x000001d30a064838]
Event: 1.924 Thread 0x000001d324e69000 1336       3       java.io.ObjectInputStream::readInt (8 bytes)
Event: 1.924 Thread 0x000001d324e69000 nmethod 1336 0x000001d30a064990 code [0x000001d30a064b40, 0x000001d30a064d10]

GC Heap History (2 events):
Event: 1.504 GC heap before
{Heap before GC invocations=0 (full 0):
 garbage-first heap   total 262144K, used 25600K [0x0000000701800000, 0x0000000800000000)
  region size 1024K, 24 young (24576K), 0 survivors (0K)
 Metaspace       used 10970K, capacity 11254K, committed 11520K, reserved 1058816K
  class space    used 1360K, capacity 1448K, committed 1536K, reserved 1048576K
}
Event: 1.509 GC heap after
{Heap after GC invocations=1 (full 0):
 garbage-first heap   total 262144K, used 8015K [0x0000000701800000, 0x0000000800000000)
  region size 1024K, 3 young (3072K), 3 survivors (3072K)
 Metaspace       used 10970K, capacity 11254K, committed 11520K, reserved 1058816K
  class space    used 1360K, capacity 1448K, committed 1536K, reserved 1048576K
}

Deoptimization events (20 events):
Event: 1.619 Thread 0x000001d37ea53800 DEOPT PACKING pc=0x000001d309fa96c3 sp=0x0000003a753fdea0
Event: 1.619 Thread 0x000001d37ea53800 DEOPT UNPACKING pc=0x000001d30988964e sp=0x0000003a753fd350 mode 0
Event: 1.619 Thread 0x000001d37ea53800 DEOPT PACKING pc=0x000001d309fa96c3 sp=0x0000003a753fdea0
Event: 1.619 Thread 0x000001d37ea53800 DEOPT UNPACKING pc=0x000001d30988964e sp=0x0000003a753fd350 mode 0
Event: 1.631 Thread 0x000001d37ea53800 Uncommon trap: trap_request=0xffffff45 fr.pc=0x000001d3113507e8 relative=0x00000000000004a8
Event: 1.631 Thread 0x000001d37ea53800 Uncommon trap: reason=unstable_if action=reinterpret pc=0x000001d3113507e8 method=java.lang.AbstractStringBuilder.putStringAt(ILjava/lang/String;)V @ 8 c2
Event: 1.631 Thread 0x000001d37ea53800 DEOPT PACKING pc=0x000001d3113507e8 sp=0x0000003a753fed40
Event: 1.631 Thread 0x000001d37ea53800 DEOPT UNPACKING pc=0x000001d30988912f sp=0x0000003a753fec48 mode 2
Event: 1.631 Thread 0x000001d37ea53800 Uncommon trap: trap_request=0xffffff45 fr.pc=0x000001d31134fd4c relative=0x000000000000048c
Event: 1.631 Thread 0x000001d37ea53800 Uncommon trap: reason=unstable_if action=reinterpret pc=0x000001d31134fd4c method=java.lang.AbstractStringBuilder.putStringAt(ILjava/lang/String;)V @ 8 c2
Event: 1.631 Thread 0x000001d37ea53800 DEOPT PACKING pc=0x000001d31134fd4c sp=0x0000003a753fece0
Event: 1.631 Thread 0x000001d37ea53800 DEOPT UNPACKING pc=0x000001d30988912f sp=0x0000003a753fec50 mode 2
Event: 1.631 Thread 0x000001d37ea53800 Uncommon trap: trap_request=0xffffff45 fr.pc=0x000001d31134ee84 relative=0x00000000000000e4
Event: 1.631 Thread 0x000001d37ea53800 Uncommon trap: reason=unstable_if action=reinterpret pc=0x000001d31134ee84 method=java.lang.String.getBytes([BIB)V @ 5 c2
Event: 1.631 Thread 0x000001d37ea53800 DEOPT PACKING pc=0x000001d31134ee84 sp=0x0000003a753fec00
Event: 1.631 Thread 0x000001d37ea53800 DEOPT UNPACKING pc=0x000001d30988912f sp=0x0000003a753febc8 mode 2
Event: 1.793 Thread 0x000001d326ca3000 Uncommon trap: trap_request=0xffffffc6 fr.pc=0x000001d31134dc28 relative=0x0000000000001448
Event: 1.793 Thread 0x000001d326ca3000 Uncommon trap: reason=bimorphic_or_optimized_type_check action=maybe_recompile pc=0x000001d31134dc28 method=java.util.HashMap.putVal(ILjava/lang/Object;Ljava/lang/Object;ZZ)Ljava/lang/Object; @ 56 c2
Event: 1.793 Thread 0x000001d326ca3000 DEOPT PACKING pc=0x000001d31134dc28 sp=0x0000003a76eff110
Event: 1.793 Thread 0x000001d326ca3000 DEOPT UNPACKING pc=0x000001d30988912f sp=0x0000003a76eff098 mode 2

Classes unloaded (0 events):
No events

Classes redefined (0 events):
No events

Internal exceptions (14 events):
Event: 0.354 Thread 0x000001d37ea53800 Exception <a 'java/lang/NoSuchMethodError'{0x0000000711469c68}: 'java.lang.Object java.lang.invoke.DirectMethodHandle$Holder.invokeStaticInit(java.lang.Object, java.lang.Object, java.lang.Object)'> (0x0000000711469c68) 
thrown [t:/workspace/open/src/hotspot/share/interpreter/linkResolver.cpp, line 767]
Event: 0.367 Thread 0x000001d37ea53800 Exception <a 'java/lang/NoSuchMethodError'{0x00000007112183c8}: 'int java.lang.invoke.DirectMethodHandle$Holder.invokeInterface(java.lang.Object, java.lang.Object)'> (0x00000007112183c8) 
thrown [t:/workspace/open/src/hotspot/share/interpreter/linkResolver.cpp, line 767]
Event: 0.368 Thread 0x000001d37ea53800 Exception <a 'java/lang/IncompatibleClassChangeError'{0x000000071121aed0}: Found class java.lang.Object, but interface was expected> (0x000000071121aed0) 
thrown [t:/workspace/open/src/hotspot/share/interpreter/linkResolver.cpp, line 833]
Event: 0.488 Thread 0x000001d324fa9000 Exception <a 'java/lang/VerifyError'{0x0000000711342e80}: Stack map does not match the one at exception handler 21
Exception Details:
  Location:
    org/netbeans/lib/profiler/ConstructorTest.<init>()V @21: astore_1
  Reason:
    Current frame's flags are not assignable to stack map frame's.
  Current Frame:
    bci: @0
    flags: { flagThisUninit }
    locals: { uninitializedThis }
    stack: { 'java/lang/Throwable' }
  Stackmap Frame:
    bci: @21
    flags: { }
    locals: { top }
    stack: { 'java/lan
Event: 0.723 Thread 0x000001d324fa9000 Exception <a 'java/lang/NoSuchMethodError'{0x000000071136fc88}: 'java.lang.Object java.lang.invoke.DirectMethodHandle$Holder.invokeStaticInit(java.lang.Object, int, int, int, int)'> (0x000000071136fc88) 
thrown [t:/workspace/open/src/hotspot/share/interpreter/linkResolver.cpp, line 767]
Event: 0.887 Thread 0x000001d324fa9000 Exception <a 'java/lang/NoSuchMethodError'{0x000000071102fc18}: 'java.lang.Object java.lang.invoke.DirectMethodHandle$Holder.invokeStaticInit(java.lang.Object, java.lang.Object, int, int, int, int)'> (0x000000071102fc18) 
thrown [t:/workspace/open/src/hotspot/share/interpreter/linkResolver.cpp, line 767]
Event: 1.216 Thread 0x000001d37ea53800 Exception <a 'java/lang/NoSuchMethodError'{0x0000000710e53708}: 'int java.lang.invoke.DirectMethodHandle$Holder.invokeStaticInit(java.lang.Object, java.lang.Object, java.lang.Object)'> (0x0000000710e53708) 
thrown [t:/workspace/open/src/hotspot/share/interpreter/linkResolver.cpp, line 767]
Event: 1.314 Thread 0x000001d37ea53800 Exception <a 'java/lang/NoSuchMethodError'{0x0000000710aad958}: 'int java.lang.invoke.DirectMethodHandle$Holder.invokeStaticInit(java.lang.Object, java.lang.Object)'> (0x0000000710aad958) 
thrown [t:/workspace/open/src/hotspot/share/interpreter/linkResolver.cpp, line 767]
Event: 1.419 Thread 0x000001d37ea53800 Exception <a 'java/lang/NoSuchMethodError'{0x000000071050a1c8}: 'int java.lang.invoke.DirectMethodHandle$Holder.invokeSpecialIFC(java.lang.Object, java.lang.Object, int)'> (0x000000071050a1c8) 
thrown [t:/workspace/open/src/hotspot/share/interpreter/linkResolver.cpp, line 767]
Event: 1.546 Thread 0x000001d37ea53800 Exception <a 'java/lang/NoSuchMethodError'{0x0000000711431148}: 'java.lang.Object java.lang.invoke.DirectMethodHandle$Holder.invokeStaticInit(java.lang.Object, java.lang.Object, int, java.lang.Object, java.lang.Object)'> (0x0000000711431148) 
thrown [t:/workspace/open/src/hotspot/share/interpreter/linkResolver.cpp, line 767]
Event: 1.576 Thread 0x000001d37ea53800 Exception <a 'java/lang/NoSuchMethodError'{0x00000007113674b0}: 'java.lang.Object java.lang.invoke.DirectMethodHandle$Holder.invokeStatic(java.lang.Object, int, java.lang.Object)'> (0x00000007113674b0) 
thrown [t:/workspace/open/src/hotspot/share/interpreter/linkResolver.cpp, line 767]
Event: 1.600 Thread 0x000001d37ea53800 Exception <a 'java/lang/ClassNotFoundException'{0x000000071125b3b0}: sun/util/logging/resources/spi/loggingProvider> (0x000000071125b3b0) 
thrown [t:/workspace/open/src/hotspot/share/classfile/systemDictionary.cpp, line 232]
Event: 1.628 Thread 0x000001d37ea53800 Exception <a 'java/lang/NoSuchMethodError'{0x00000007112c86a0}: 'void java.lang.invoke.DirectMethodHandle$Holder.invokeStaticInit(java.lang.Object)'> (0x00000007112c86a0) 
thrown [t:/workspace/open/src/hotspot/share/interpreter/linkResolver.cpp, line 767]
Event: 1.787 Thread 0x000001d37ea53800 Exception <a 'java/lang/NoSuchMethodError'{0x0000000711194c20}: 'java.lang.Object java.lang.invoke.Invokers$Holder.linkToTargetMethod(java.lang.Object, int, java.lang.Object)'> (0x0000000711194c20) 
thrown [t:/workspace/open/src/hotspot/share/interpreter/linkResolver.cpp, line 767]

Events (20 events):
Event: 1.819 Executing VM operation: GetAllStackTraces
Event: 1.819 Executing VM operation: GetAllStackTraces done
Event: 1.835 Executing VM operation: GetAllStackTraces
Event: 1.835 Executing VM operation: GetAllStackTraces done
Event: 1.850 Executing VM operation: GetAllStackTraces
Event: 1.851 Executing VM operation: GetAllStackTraces done
Event: 1.866 Executing VM operation: GetAllStackTraces
Event: 1.866 Executing VM operation: GetAllStackTraces done
Event: 1.882 Executing VM operation: GetAllStackTraces
Event: 1.882 Executing VM operation: GetAllStackTraces done
Event: 1.897 Executing VM operation: GetAllStackTraces
Event: 1.897 Executing VM operation: GetAllStackTraces done
Event: 1.913 Executing VM operation: GetAllStackTraces
Event: 1.913 Executing VM operation: GetAllStackTraces done
Event: 1.913 loading class org/netbeans/lib/profiler/wireprotocol/EventBufferDumpedCommand
Event: 1.918 loading class org/netbeans/lib/profiler/wireprotocol/EventBufferDumpedCommand done
Event: 1.920 loading class org/netbeans/lib/profiler/wireprotocol/DumpResultsResponse
Event: 1.920 loading class org/netbeans/lib/profiler/wireprotocol/DumpResultsResponse done
Event: 1.923 loading class org/netbeans/lib/profiler/wireprotocol/GetMethodNamesForJMethodIdsCommand
Event: 1.923 loading class org/netbeans/lib/profiler/wireprotocol/GetMethodNamesForJMethodIdsCommand done


Dynamic libraries:
0x00007ff7b2870000 - 0x00007ff7b287d000 	C:\Program Files\java\jdk-13.0.2\bin\java.exe
0x00007ffc03f00000 - 0x00007ffc040f0000 	C:\WINDOWS\SYSTEM32\ntdll.dll
0x00007ffc02af0000 - 0x00007ffc02ba2000 	C:\WINDOWS\System32\KERNEL32.DLL
0x00007ffc01300000 - 0x00007ffc015a3000 	C:\WINDOWS\System32\KERNELBASE.dll
0x00007ffc01eb0000 - 0x00007ffc01faa000 	C:\WINDOWS\System32\ucrtbase.dll
0x00007ffbfcba0000 - 0x00007ffbfcbb5000 	C:\Program Files\java\jdk-13.0.2\bin\VCRUNTIME140.dll
0x00007ffbf9730000 - 0x00007ffbf9748000 	C:\Program Files\java\jdk-13.0.2\bin\jli.dll
0x00007ffc02c10000 - 0x00007ffc02da4000 	C:\WINDOWS\System32\USER32.dll
0x00007ffc015d0000 - 0x00007ffc015f1000 	C:\WINDOWS\System32\win32u.dll
0x00007ffbf6a60000 - 0x00007ffbf6ce5000 	C:\WINDOWS\WinSxS\amd64_microsoft.windows.common-controls_6595b64144ccf1df_6.0.18362.628_none_e6c6b62f130d50fc\COMCTL32.dll
0x00007ffc03010000 - 0x00007ffc03036000 	C:\WINDOWS\System32\GDI32.dll
0x00007ffc02020000 - 0x00007ffc020be000 	C:\WINDOWS\System32\msvcrt.dll
0x00007ffc010b0000 - 0x00007ffc01244000 	C:\WINDOWS\System32\gdi32full.dll
0x00007ffc03040000 - 0x00007ffc03376000 	C:\WINDOWS\System32\combase.dll
0x00007ffc01690000 - 0x00007ffc0172e000 	C:\WINDOWS\System32\msvcp_win.dll
0x00007ffc02db0000 - 0x00007ffc02ed0000 	C:\WINDOWS\System32\RPCRT4.dll
0x00007ffc00e90000 - 0x00007ffc00f10000 	C:\WINDOWS\System32\bcryptPrimitives.dll
0x00007ffc037a0000 - 0x00007ffc037ce000 	C:\WINDOWS\System32\IMM32.DLL
0x00007ffbf19e0000 - 0x00007ffbf1a7b000 	C:\Program Files\java\jdk-13.0.2\bin\msvcp140.dll
0x00007ffbb1f70000 - 0x00007ffbb2acd000 	C:\Program Files\java\jdk-13.0.2\bin\server\jvm.dll
0x00007ffc03590000 - 0x00007ffc03633000 	C:\WINDOWS\System32\ADVAPI32.dll
0x00007ffc020c0000 - 0x00007ffc02157000 	C:\WINDOWS\System32\sechost.dll
0x00007ffc037d0000 - 0x00007ffc037d8000 	C:\WINDOWS\System32\PSAPI.DLL
0x00007ffbe43b0000 - 0x00007ffbe43b9000 	C:\WINDOWS\SYSTEM32\WSOCK32.dll
0x00007ffbf80e0000 - 0x00007ffbf8104000 	C:\WINDOWS\SYSTEM32\WINMM.dll
0x00007ffbfa360000 - 0x00007ffbfa36a000 	C:\WINDOWS\SYSTEM32\VERSION.dll
0x00007ffc028d0000 - 0x00007ffc0293f000 	C:\WINDOWS\System32\WS2_32.dll
0x00007ffbf80b0000 - 0x00007ffbf80dd000 	C:\WINDOWS\SYSTEM32\winmmbase.dll
0x00007ffc01060000 - 0x00007ffc010aa000 	C:\WINDOWS\System32\cfgmgr32.dll
0x00007ffc00e50000 - 0x00007ffc00e61000 	C:\WINDOWS\System32\kernel.appcore.dll
0x00007ffbfcc60000 - 0x00007ffbfcc70000 	C:\Program Files\java\jdk-13.0.2\bin\verify.dll
0x00007ffbf51c0000 - 0x00007ffbf53b4000 	C:\WINDOWS\SYSTEM32\DBGHELP.DLL
0x00007ffbfb5d0000 - 0x00007ffbfb5fa000 	C:\WINDOWS\SYSTEM32\dbgcore.DLL
0x00007ffbf3d40000 - 0x00007ffbf3d66000 	C:\Program Files\java\jdk-13.0.2\bin\java.dll
0x00007ffbfce00000 - 0x00007ffbfce0f000 	C:\Program Files\NetBeans-11.2\netbeans\profiler\lib\deployed\jdk16\windows-amd64\profilerinterface.dll
0x00007ffbf2400000 - 0x00007ffbf2417000 	C:\Program Files\java\jdk-13.0.2\bin\zip.dll
0x00007ffbfcc40000 - 0x00007ffbfcc4a000 	C:\Program Files\java\jdk-13.0.2\bin\jimage.dll
0x00007ffc02160000 - 0x00007ffc02845000 	C:\WINDOWS\System32\SHELL32.dll
0x00007ffc034e0000 - 0x00007ffc03589000 	C:\WINDOWS\System32\shcore.dll
0x00007ffc01730000 - 0x00007ffc01eaf000 	C:\WINDOWS\System32\windows.storage.dll
0x00007ffc00e70000 - 0x00007ffc00e8f000 	C:\WINDOWS\System32\profapi.dll
0x00007ffc00e00000 - 0x00007ffc00e4a000 	C:\WINDOWS\System32\powrprof.dll
0x00007ffc00dd0000 - 0x00007ffc00de0000 	C:\WINDOWS\System32\UMPDC.dll
0x00007ffc02ed0000 - 0x00007ffc02f22000 	C:\WINDOWS\System32\shlwapi.dll
0x00007ffc015b0000 - 0x00007ffc015c7000 	C:\WINDOWS\System32\cryptsp.dll
0x00007ffbf1ad0000 - 0x00007ffbf1ae9000 	C:\Program Files\java\jdk-13.0.2\bin\net.dll
0x00007ffbfc4c0000 - 0x00007ffbfc5b0000 	C:\WINDOWS\SYSTEM32\WINHTTP.dll
0x00007ffc005e0000 - 0x00007ffc00647000 	C:\WINDOWS\system32\mswsock.dll
0x00007ffbf1ab0000 - 0x00007ffbf1ac3000 	C:\Program Files\java\jdk-13.0.2\bin\nio.dll
0x00007ffbfcb90000 - 0x00007ffbfcb99000 	C:\Program Files\java\jdk-13.0.2\bin\management.dll
0x00007ffbfcab0000 - 0x00007ffbfcabb000 	C:\Program Files\java\jdk-13.0.2\bin\management_ext.dll
0x00007ffc00150000 - 0x00007ffc00183000 	C:\WINDOWS\system32\rsaenh.dll
0x00007ffc01660000 - 0x00007ffc01686000 	C:\WINDOWS\System32\bcrypt.dll
0x00007ffc00cc0000 - 0x00007ffc00ce5000 	C:\WINDOWS\SYSTEM32\USERENV.dll
0x00007ffc007b0000 - 0x00007ffc007bc000 	C:\WINDOWS\SYSTEM32\CRYPTBASE.dll
0x00007ffc002f0000 - 0x00007ffc0032a000 	C:\WINDOWS\SYSTEM32\IPHLPAPI.DLL
0x00007ffc03400000 - 0x00007ffc03408000 	C:\WINDOWS\System32\NSI.dll
0x00007ffbfa290000 - 0x00007ffbfa2a6000 	C:\WINDOWS\SYSTEM32\dhcpcsvc6.DLL
0x00007ffbfa3e0000 - 0x00007ffbfa3fc000 	C:\WINDOWS\SYSTEM32\dhcpcsvc.DLL
0x00007ffc00330000 - 0x00007ffc003fa000 	C:\WINDOWS\SYSTEM32\DNSAPI.dll

dbghelp: loaded successfully - version: 4.0.5 - missing functions: none
symbol engine: initialized successfully - sym options: 0x614 - pdb path: .;C:\Program Files\java\jdk-13.0.2\bin;C:\WINDOWS\SYSTEM32;C:\WINDOWS\WinSxS\amd64_microsoft.windows.common-controls_6595b64144ccf1df_6.0.18362.628_none_e6c6b62f130d50fc;C:\Program Files\java\jdk-13.0.2\bin\server;C:\Program Files\NetBeans-11.2\netbeans\profiler\lib\deployed\jdk16\windows-amd64

VM Arguments:
jvm_args: -agentpath:C:/Program Files/NetBeans-11.2/netbeans/profiler/lib/deployed/jdk16/windows-amd64/profilerinterface.dll=C:\Program Files\NetBeans-11.2\netbeans\profiler\lib,5140,10 -XX:+HeapDumpOnOutOfMemoryError -XX:HeapDumpPath=C:\Users\David\OneDrive\Documents\NetBeansProjects\Annotator\nbproject\private\profiler 
java_command: com.github.fuchsdavid.annotator.Main -SPARQLendpoint http://192.168.6.2:5050/DBpedia -port 8080
java_class_path (initial): C:\Users\David\OneDrive\Documents\NetBeansProjects\Annotator\target\classes;C:\Users\David\.m2\repository\org\apache\jena\jena-shacl\3.13.1\jena-shacl-3.13.1.jar;C:\Users\David\.m2\repository\org\apache\jena\jena-arq\3.13.1\jena-arq-3.13.1.jar;C:\Users\David\.m2\repository\org\apache\jena\jena-core\3.13.1\jena-core-3.13.1.jar;C:\Users\David\.m2\repository\org\apache\jena\jena-iri\3.13.1\jena-iri-3.13.1.jar;C:\Users\David\.m2\repository\commons-cli\commons-cli\1.4\commons-cli-1.4.jar;C:\Users\David\.m2\repository\commons-codec\commons-codec\1.13\commons-codec-1.13.jar;C:\Users\David\.m2\repository\org\apache\jena\jena-base\3.13.1\jena-base-3.13.1.jar;C:\Users\David\.m2\repository\org\apache\commons\commons-csv\1.7\commons-csv-1.7.jar;C:\Users\David\.m2\repository\org\apache\commons\commons-compress\1.19\commons-compress-1.19.jar;C:\Users\David\.m2\repository\com\github\andrewoma\dexx\collection\0.7\collection-0.7.jar;C:\Users\David\.m2\repository\org\apache\jena\jena-shaded-guava\3.13.1\jena-shaded-guava-3.13.1.jar;C:\Users\David\.m2\repository\org\apache\httpcomponents\httpclient\4.5.10\httpclient-4.5.10.jar;C:\Users\David\.m2\repository\org\apache\httpcomponents\httpcore\4.4.12\httpcore-4.4.12.jar;C:\Users\David\.m2\repository\com\github\jsonld-java\jsonld-java\0.12.5\jsonld-java-0.12.5.jar;C:\Users\David\.m2\repository\commons-io\commons-io\2.6\commons-io-2.6.jar;C:\Users\David\.m2\repository\com\fasterxml\jackson\core\jackson-core\2.9.10\jackson-core-2.9.10.jar;C:\Users\David\.m2\repository\com\fasterxml\jackson\core\jackson-databind\2.9.10\jackson-databind-2.9.10.jar;C:\Users\David\.m2\repository\com\fasterxml\jackson\core\jackson-annotations\2.9.10\jackson-annotations-2.9.10.jar;C:\Users\David\.m2\repository\org\apache\httpcomponents\httpclient-cache\4.5.10\httpclient-cache-4.5.10.jar;C:\Users\David\.m2\repository\org\apache\thrift\libthrift\0.12.0\libthrift-0.12.0.jar;C:\Users\David\.m2\repository\org\slf4j\jcl-over-slf4j\1.7.26\jc
Launcher Type: SUN_STANDARD

[Global flags]
     intx CICompilerCount                          = 4                                         {product} {ergonomic}
     uint ConcGCThreads                            = 2                                         {product} {ergonomic}
     uint G1ConcRefinementThreads                  = 8                                         {product} {ergonomic}
   size_t G1HeapRegionSize                         = 1048576                                   {product} {ergonomic}
    uintx GCDrainStackTargetSize                   = 64                                        {product} {ergonomic}
     bool HeapDumpOnOutOfMemoryError               = true                                   {manageable} {command line}
    ccstr HeapDumpPath                             = C:\Users\David\OneDrive\Documents\NetBeansProjects\Annotator\nbproject\private\profiler         {manageable} {command line}
   size_t InitialHeapSize                          = 268435456                                 {product} {ergonomic}
   size_t MarkStackSize                            = 4194304                                   {product} {ergonomic}
   size_t MaxHeapSize                              = 4269801472                                {product} {ergonomic}
   size_t MaxNewSize                               = 2561671168                                {product} {ergonomic}
   size_t MinHeapDeltaBytes                        = 1048576                                   {product} {ergonomic}
   size_t MinHeapSize                              = 8388608                                   {product} {ergonomic}
    uintx NonNMethodCodeHeapSize                   = 5839372                                {pd product} {ergonomic}
    uintx NonProfiledCodeHeapSize                  = 122909434                              {pd product} {ergonomic}
    uintx ProfiledCodeHeapSize                     = 122909434                              {pd product} {ergonomic}
    uintx ReservedCodeCacheSize                    = 251658240                              {pd product} {ergonomic}
     bool SegmentedCodeCache                       = true                                      {product} {ergonomic}
   size_t SoftMaxHeapSize                          = 4269801472                             {manageable} {ergonomic}
     bool UseCompressedClassPointers               = true                                 {lp64_product} {ergonomic}
     bool UseCompressedOops                        = true                                 {lp64_product} {ergonomic}
     bool UseG1GC                                  = true                                      {product} {ergonomic}
     bool UseLargePagesIndividualAllocation        = false                                  {pd product} {ergonomic}

Logging:
Log output configuration:
 #0: stdout all=warning uptime,level,tags
 #1: stderr all=off uptime,level,tags

Environment Variables:
JAVA_HOME=C:\Program Files\java\jdk-13.0.2
PATH=C:\WINDOWS\system32;C:\WINDOWS;C:\WINDOWS\System32\Wbem;C:\WINDOWS\System32\WindowsPowerShell\v1.0\;C:\WINDOWS\System32\OpenSSH\;C:\Program Files\dotnet\;C:\Program Files\Microsoft SQL Server\130\Tools\Binn\;C:\Program Files\Microsoft SQL Server\Client SDK\ODBC\170\Tools\Binn\;C:\Program Files\Git\cmd;C:\Program Files\java\jdk-13.0.2\bin;C:\Program Files\maven\apache-maven-3.6.3\bin;C:\Users\David\AppData\Local\Microsoft\WindowsApps;
USERNAME=David
OS=Windows_NT
PROCESSOR_IDENTIFIER=Intel64 Family 6 Model 60 Stepping 3, GenuineIntel



---------------  S Y S T E M  ---------------

OS: Windows 10 , 64 bit Build 18362 (10.0.18362.329)

CPU:total 8 (initial active 8) (4 cores per cpu, 2 threads per core) family 6 model 60 stepping 3, cmov, cx8, fxsr, mmx, sse, sse2, sse3, ssse3, sse4.1, sse4.2, popcnt, avx, avx2, aes, clmul, erms, lzcnt, ht, tsc, tscinvbit, bmi1, bmi2, fma

Memory: 4k page, system-wide physical 16285M (9949M free)
TotalPageFile size 16285M (AvailPageFile size 8818M)
current process WorkingSet (physical memory assigned to process): 107M, peak: 107M
current process commit charge ("private bytes"): 383M, peak: 385M

vm_info: OpenJDK 64-Bit Server VM (13.0.2+8) for windows-amd64 JRE (13.0.2+8), built on Dec 11 2019 09:20:05 by "mach5one" with unknown MS VC++:1916

END.
